This is XeTeX, Version 3.14159265-2.6-0.99999 (MiKTeX 2.9.6800 64-bit) (preloaded format=xelatex 2019.1.14)  4 OCT 2019 14:30
entering extended mode
**H:/presentation/assets/img/padjust_kable.tex
(H:/presentation/assets/img/padjust_kable.tex
LaTeX2e <2018-04-01> patch level 5

("C:\Users\elizabeth.gooch\AppData\Local\Programs\MiKTeX 2.9\tex\latex\standalo
ne\standalone.cls"
Document Class: standalone 2018/03/26 v1.3a Class to compile TeX sub-files stan
dalone

("C:\Users\elizabeth.gooch\AppData\Local\Programs\MiKTeX 2.9\tex\latex\tools\sh
ellesc.sty"
Package: shellesc 2016/06/07 v0.02a unified shell escape interface for LaTeX
Package shellesc Info: Restricted shell escape enabled on input line 69.
)
("C:\Users\elizabeth.gooch\AppData\Local\Programs\MiKTeX 2.9\tex\generic\oberdi
ek\ifluatex.sty"
Package: ifluatex 2016/05/16 v1.4 Provides the ifluatex switch (HO)
Package ifluatex Info: LuaTeX not detected.
)
("C:\Users\elizabeth.gooch\AppData\Local\Programs\MiKTeX 2.9\tex\generic\oberdi
ek\ifpdf.sty"
Package: ifpdf 2018/09/07 v3.3 Provides the ifpdf switch
)
("C:\Users\elizabeth.gooch\AppData\Local\Programs\MiKTeX 2.9\tex\generic\ifxete
x\ifxetex.sty"
Package: ifxetex 2010/09/12 v0.6 Provides ifxetex conditional
)
("C:\Users\elizabeth.gooch\AppData\Local\Programs\MiKTeX 2.9\tex\latex\xkeyval\
xkeyval.sty"
Package: xkeyval 2014/12/03 v2.7a package option processing (HA)

("C:\Users\elizabeth.gooch\AppData\Local\Programs\MiKTeX 2.9\tex\generic\xkeyva
l\xkeyval.tex"
("C:\Users\elizabeth.gooch\AppData\Local\Programs\MiKTeX 2.9\tex\generic\xkeyva
l\xkvutils.tex"
\XKV@toks=\toks14
\XKV@tempa@toks=\toks15

("C:\Users\elizabeth.gooch\AppData\Local\Programs\MiKTeX 2.9\tex\generic\xkeyva
l\keyval.tex"))
\XKV@depth=\count80
File: xkeyval.tex 2014/12/03 v2.7a key=value parser (HA)
))
\sa@internal=\count81
\c@sapage=\count82

("C:\Users\elizabeth.gooch\AppData\Local\Programs\MiKTeX 2.9\tex\latex\standalo
ne\standalone.cfg"
File: standalone.cfg 2018/03/26 v1.3a Default configuration file for 'standalon
e' class
)
("C:\Users\elizabeth.gooch\AppData\Local\Programs\MiKTeX 2.9\tex\latex\base\art
icle.cls"
Document Class: article 2014/09/29 v1.4h Standard LaTeX document class

("C:\Users\elizabeth.gooch\AppData\Local\Programs\MiKTeX 2.9\tex\latex\base\siz
e10.clo"
File: size10.clo 2014/09/29 v1.4h Standard LaTeX file (size option)
)
\c@part=\count83
\c@section=\count84
\c@subsection=\count85
\c@subsubsection=\count86
\c@paragraph=\count87
\c@subparagraph=\count88
\c@figure=\count89
\c@table=\count90
\abovecaptionskip=\skip41
\belowcaptionskip=\skip42
\bibindent=\dimen102
)
("C:\Users\elizabeth.gooch\AppData\Local\Programs\MiKTeX 2.9\tex\latex\preview\
preview.sty"
Package: preview 2017/04/24 11.91 (AUCTeX/preview-latex)

("C:\Users\elizabeth.gooch\AppData\Local\Programs\MiKTeX 2.9\tex\generic\luatex
85\luatex85.sty"
Package: luatex85 2016/06/15 v1.4 pdftex aliases for luatex
)
("C:\Users\elizabeth.gooch\AppData\Local\Programs\MiKTeX 2.9\tex\latex\preview\
prtightpage.def"
\PreviewBorder=\dimen103
)
\pr@snippet=\count91
\pr@box=\box26
\pr@output=\toks16
))
("C:\Users\elizabeth.gooch\AppData\Local\Programs\MiKTeX 2.9\tex\latex\varwidth
\varwidth.sty"
Package: varwidth 2009/03/30 ver 0.92;  Variable-width minipages
\@vwid@box=\box27
\sift@deathcycles=\count92
\@vwid@loff=\dimen104
\@vwid@roff=\dimen105
)
("C:\Users\elizabeth.gooch\AppData\Local\Programs\MiKTeX 2.9\tex\latex\amsfonts
\amssymb.sty"
Package: amssymb 2013/01/14 v3.01 AMS font symbols

("C:\Users\elizabeth.gooch\AppData\Local\Programs\MiKTeX 2.9\tex\latex\amsfonts
\amsfonts.sty"
Package: amsfonts 2013/01/14 v3.01 Basic AMSFonts support
\@emptytoks=\toks17
\symAMSa=\mathgroup4
\symAMSb=\mathgroup5
LaTeX Font Info:    Overwriting math alphabet `\mathfrak' in version `bold'
(Font)                  U/euf/m/n --> U/euf/b/n on input line 106.
))
("C:\Users\elizabeth.gooch\AppData\Local\Programs\MiKTeX 2.9\tex\latex\amsmath\
amsmath.sty"
Package: amsmath 2017/09/02 v2.17a AMS math features
\@mathmargin=\skip43
For additional information on amsmath, use the `?' option.

("C:\Users\elizabeth.gooch\AppData\Local\Programs\MiKTeX 2.9\tex\latex\amsmath\
amstext.sty"
Package: amstext 2000/06/29 v2.01 AMS text

("C:\Users\elizabeth.gooch\AppData\Local\Programs\MiKTeX 2.9\tex\latex\amsmath\
amsgen.sty"
File: amsgen.sty 1999/11/30 v2.0 generic functions
\@emptytoks=\toks18
\ex@=\dimen106
))
("C:\Users\elizabeth.gooch\AppData\Local\Programs\MiKTeX 2.9\tex\latex\amsmath\
amsbsy.sty"
Package: amsbsy 1999/11/29 v1.2d Bold Symbols
\pmbraise@=\dimen107
)
("C:\Users\elizabeth.gooch\AppData\Local\Programs\MiKTeX 2.9\tex\latex\amsmath\
amsopn.sty"
Package: amsopn 2016/03/08 v2.02 operator names
)
\inf@bad=\count93
LaTeX Info: Redefining \frac on input line 213.
\uproot@=\count94
\leftroot@=\count95
LaTeX Info: Redefining \overline on input line 375.
\classnum@=\count96
\DOTSCASE@=\count97
LaTeX Info: Redefining \ldots on input line 472.
LaTeX Info: Redefining \dots on input line 475.
LaTeX Info: Redefining \cdots on input line 596.
\Mathstrutbox@=\box28
\strutbox@=\box29
\big@size=\dimen108
LaTeX Font Info:    Redeclaring font encoding OML on input line 712.
LaTeX Font Info:    Redeclaring font encoding OMS on input line 713.
\macc@depth=\count98
\c@MaxMatrixCols=\count99
\dotsspace@=\muskip10
\c@parentequation=\count100
\dspbrk@lvl=\count101
\tag@help=\toks19
\row@=\count102
\column@=\count103
\maxfields@=\count104
\andhelp@=\toks20
\eqnshift@=\dimen109
\alignsep@=\dimen110
\tagshift@=\dimen111
\tagwidth@=\dimen112
\totwidth@=\dimen113
\lineht@=\dimen114
\@envbody=\toks21
\multlinegap=\skip44
\multlinetaggap=\skip45
\mathdisplay@stack=\toks22
LaTeX Info: Redefining \[ on input line 2817.
LaTeX Info: Redefining \] on input line 2818.
)
("C:\Users\elizabeth.gooch\AppData\Local\Programs\MiKTeX 2.9\tex\latex\base\fix
ltx2e.sty"
Package: fixltx2e 2016/12/29 v2.1a fixes to LaTeX (obsolete)
Applying: [2015/01/01] Old fixltx2e package on input line 46.

Package fixltx2e Warning: fixltx2e is not required with releases after 2015
(fixltx2e)                All fixes are now in the LaTeX kernel.
(fixltx2e)                See the latexrelease package for details.

Already applied: [0000/00/00] Old fixltx2e package on input line 53.
)
("C:\Users\elizabeth.gooch\AppData\Local\Programs\MiKTeX 2.9\tex\latex\polyglos
sia\polyglossia.sty"
Package: polyglossia 2018/04/07 v1.43 Alternative to Babel for XeLaTeX and LuaL
aTeX

("C:\Users\elizabeth.gooch\AppData\Local\Programs\MiKTeX 2.9\tex\latex\etoolbox
\etoolbox.sty"
Package: etoolbox 2018/08/19 v2.5f e-TeX tools for LaTeX (JAW)
\etb@tempcnta=\count105
)
("C:\Users\elizabeth.gooch\AppData\Local\Programs\MiKTeX 2.9\tex\latex\makecmds
\makecmds.sty"
Package: makecmds 2009/09/03 v1.0a extra command making commands
)
("C:\Users\elizabeth.gooch\AppData\Local\Programs\MiKTeX 2.9\tex\latex\fontspec
\fontspec.sty"
("C:\Users\elizabeth.gooch\AppData\Local\Programs\MiKTeX 2.9\tex\latex\l3packag
es\xparse\xparse.sty"
("C:\Users\elizabeth.gooch\AppData\Local\Programs\MiKTeX 2.9\tex\latex\l3kernel
\expl3.sty"
Package: expl3 2018-08-23 L3 programming layer (loader) 

("C:\Users\elizabeth.gooch\AppData\Local\Programs\MiKTeX 2.9\tex\latex\l3kernel
\expl3-code.tex"
Package: expl3 2018-08-23 L3 programming layer (code)
\c_max_int=\count106
\l_tmpa_int=\count107
\l_tmpb_int=\count108
\g_tmpa_int=\count109
\g_tmpb_int=\count110
\g__kernel_prg_map_int=\count111
\c_log_iow=\count112
\l_iow_line_count_int=\count113
\l__iow_line_target_int=\count114
\l__iow_one_indent_int=\count115
\l__iow_indent_int=\count116
\c_zero_dim=\dimen115
\c_max_dim=\dimen116
\l_tmpa_dim=\dimen117
\l_tmpb_dim=\dimen118
\g_tmpa_dim=\dimen119
\g_tmpb_dim=\dimen120
\c_zero_skip=\skip46
\c_max_skip=\skip47
\l_tmpa_skip=\skip48
\l_tmpb_skip=\skip49
\g_tmpa_skip=\skip50
\g_tmpb_skip=\skip51
\c_zero_muskip=\muskip11
\c_max_muskip=\muskip12
\l_tmpa_muskip=\muskip13
\l_tmpb_muskip=\muskip14
\g_tmpa_muskip=\muskip15
\g_tmpb_muskip=\muskip16
\l_keys_choice_int=\count117
\l__intarray_loop_int=\count118
\c__intarray_sp_dim=\dimen121
\g__intarray_font_int=\count119
\c__fp_leading_shift_int=\count120
\c__fp_middle_shift_int=\count121
\c__fp_trailing_shift_int=\count122
\c__fp_big_leading_shift_int=\count123
\c__fp_big_middle_shift_int=\count124
\c__fp_big_trailing_shift_int=\count125
\c__fp_Bigg_leading_shift_int=\count126
\c__fp_Bigg_middle_shift_int=\count127
\c__fp_Bigg_trailing_shift_int=\count128
\g__fp_array_int=\count129
\l__fp_array_loop_int=\count130
\l__sort_length_int=\count131
\l__sort_min_int=\count132
\l__sort_top_int=\count133
\l__sort_max_int=\count134
\l__sort_true_max_int=\count135
\l__sort_block_int=\count136
\l__sort_begin_int=\count137
\l__sort_end_int=\count138
\l__sort_A_int=\count139
\l__sort_B_int=\count140
\l__sort_C_int=\count141
\l__tl_analysis_normal_int=\count142
\l__tl_analysis_index_int=\count143
\l__tl_analysis_nesting_int=\count144
\l__tl_analysis_type_int=\count145
\l__regex_internal_a_int=\count146
\l__regex_internal_b_int=\count147
\l__regex_internal_c_int=\count148
\l__regex_balance_int=\count149
\l__regex_group_level_int=\count150
\l__regex_mode_int=\count151
\c__regex_cs_in_class_mode_int=\count152
\c__regex_cs_mode_int=\count153
\l__regex_catcodes_int=\count154
\l__regex_default_catcodes_int=\count155
\c__regex_catcode_L_int=\count156
\c__regex_catcode_O_int=\count157
\c__regex_catcode_A_int=\count158
\c__regex_all_catcodes_int=\count159
\l__regex_show_lines_int=\count160
\l__regex_min_state_int=\count161
\l__regex_max_state_int=\count162
\l__regex_left_state_int=\count163
\l__regex_right_state_int=\count164
\l__regex_capturing_group_int=\count165
\l__regex_min_pos_int=\count166
\l__regex_max_pos_int=\count167
\l__regex_curr_pos_int=\count168
\l__regex_start_pos_int=\count169
\l__regex_success_pos_int=\count170
\l__regex_curr_char_int=\count171
\l__regex_curr_catcode_int=\count172
\l__regex_last_char_int=\count173
\l__regex_case_changed_char_int=\count174
\l__regex_curr_state_int=\count175
\l__regex_step_int=\count176
\l__regex_min_active_int=\count177
\l__regex_max_active_int=\count178
\l__regex_replacement_csnames_int=\count179
\l__regex_match_count_int=\count180
\l__regex_min_submatch_int=\count181
\l__regex_submatch_int=\count182
\l__regex_zeroth_submatch_int=\count183
\g__regex_trace_regex_int=\count184
\c_empty_box=\box30
\l_tmpa_box=\box31
\l_tmpb_box=\box32
\g_tmpa_box=\box33
\g_tmpb_box=\box34
\l__box_top_dim=\dimen122
\l__box_bottom_dim=\dimen123
\l__box_left_dim=\dimen124
\l__box_right_dim=\dimen125
\l__box_top_new_dim=\dimen126
\l__box_bottom_new_dim=\dimen127
\l__box_left_new_dim=\dimen128
\l__box_right_new_dim=\dimen129
\l__box_internal_box=\box35
\l__coffin_internal_box=\box36
\l__coffin_internal_dim=\dimen130
\l__coffin_offset_x_dim=\dimen131
\l__coffin_offset_y_dim=\dimen132
\l__coffin_x_dim=\dimen133
\l__coffin_y_dim=\dimen134
\l__coffin_x_prime_dim=\dimen135
\l__coffin_y_prime_dim=\dimen136
\c_empty_coffin=\box37
\l__coffin_aligned_coffin=\box38
\l__coffin_aligned_internal_coffin=\box39
\l_tmpa_coffin=\box40
\l_tmpb_coffin=\box41
\l__coffin_display_coffin=\box42
\l__coffin_display_coord_coffin=\box43
\l__coffin_display_pole_coffin=\box44
\l__coffin_display_offset_dim=\dimen137
\l__coffin_display_x_dim=\dimen138
\l__coffin_display_y_dim=\dimen139
\g__file_internal_ior=\read1
\l__coffin_bounding_shift_dim=\dimen140
\l__coffin_left_corner_dim=\dimen141
\l__coffin_right_corner_dim=\dimen142
\l__coffin_bottom_corner_dim=\dimen143
\l__coffin_top_corner_dim=\dimen144
\l__coffin_scaled_total_height_dim=\dimen145
\l__coffin_scaled_width_dim=\dimen146
)
("C:\Users\elizabeth.gooch\AppData\Local\Programs\MiKTeX 2.9\tex\latex\l3kernel
\l3xdvipdfmx.def"
File: l3xdvidpfmx.def 2018-08-23 v L3 Experimental driver: xdvipdfmx
\g__driver_image_int=\count185
))
Package: xparse 2018-08-23 L3 Experimental document command parser
\l__xparse_current_arg_int=\count186
\g__xparse_grabber_int=\count187
\l__xparse_m_args_int=\count188
\l__xparse_mandatory_args_int=\count189
\l__xparse_v_nesting_int=\count190
)
Package: fontspec 2018/07/30 vv2.6h Font selection for XeLaTeX and LuaLaTeX

("C:\Users\elizabeth.gooch\AppData\Local\Programs\MiKTeX 2.9\tex\latex\fontspec
\fontspec-xetex.sty"
Package: fontspec-xetex 2018/07/30 vv2.6h Font selection for XeLaTeX and LuaLaT
eX
\l__fontspec_script_int=\count191
\l__fontspec_language_int=\count192
\l__fontspec_strnum_int=\count193
\l__fontspec_tmp_int=\count194
\l__fontspec_em_int=\count195
\l__fontspec_emdef_int=\count196
\l__fontspec_strong_int=\count197
\l__fontspec_strongdef_int=\count198
\l__fontspec_tmpa_dim=\dimen147
\l__fontspec_tmpb_dim=\dimen148
\l__fontspec_tmpc_dim=\dimen149

("C:\Users\elizabeth.gooch\AppData\Local\Programs\MiKTeX 2.9\tex\latex\base\fon
tenc.sty"
Package: fontenc 2017/04/05 v2.0i Standard LaTeX package

("C:\Users\elizabeth.gooch\AppData\Local\Programs\MiKTeX 2.9\tex\latex\base\tue
nc.def"
File: tuenc.def 2017/04/05 v2.0i Standard LaTeX file
LaTeX Font Info:    Redeclaring font encoding TU on input line 82.
))
.................................................
. LaTeX info: "xparse/define-command"
. 
. Defining command \fontspec with sig. 'O{}mO{}' on line 561.
.................................................
.................................................
. LaTeX info: "xparse/define-command"
. 
. Defining command \setmainfont with sig. 'O{}mO{}' on line 566.
.................................................
.................................................
. LaTeX info: "xparse/define-command"
. 
. Defining command \setsansfont with sig. 'O{}mO{}' on line 571.
.................................................
.................................................
. LaTeX info: "xparse/define-command"
. 
. Defining command \setmonofont with sig. 'O{}mO{}' on line 576.
.................................................
.................................................
. LaTeX info: "xparse/define-command"
. 
. Defining command \setmathrm with sig. 'O{}mO{}' on line 580.
.................................................
.................................................
. LaTeX info: "xparse/define-command"
. 
. Defining command \setboldmathrm with sig. 'O{}mO{}' on line 584.
.................................................
.................................................
. LaTeX info: "xparse/define-command"
. 
. Defining command \setmathsf with sig. 'O{}mO{}' on line 588.
.................................................
.................................................
. LaTeX info: "xparse/define-command"
. 
. Defining command \setmathtt with sig. 'O{}mO{}' on line 592.
.................................................
.................................................
. LaTeX info: "xparse/define-command"
. 
. Defining command \setromanfont with sig. 'O{}mO{}' on line 596.
.................................................
.................................................
. LaTeX info: "xparse/define-command"
. 
. Defining command \newfontfamily with sig. 'mO{}mO{}' on line 600.
.................................................
.................................................
. LaTeX info: "xparse/define-command"
. 
. Defining command \renewfontfamily with sig. 'mO{}mO{}' on line 604.
.................................................
.................................................
. LaTeX info: "xparse/define-command"
. 
. Defining command \setfontfamily with sig. 'mO{}mO{}' on line 608.
.................................................
.................................................
. LaTeX info: "xparse/define-command"
. 
. Defining command \newfontface with sig. 'mO{}mO{}' on line 612.
.................................................
.................................................
. LaTeX info: "xparse/define-command"
. 
. Defining command \defaultfontfeatures with sig. 't+om' on line 619.
.................................................
.................................................
. LaTeX info: "xparse/define-command"
. 
. Defining command \addfontfeatures with sig. 'm' on line 623.
.................................................
.................................................
. LaTeX info: "xparse/define-command"
. 
. Defining command \addfontfeature with sig. 'm' on line 627.
.................................................
.................................................
. LaTeX info: "xparse/define-command"
. 
. Defining command \newfontfeature with sig. 'mm' on line 631.
.................................................
.................................................
. LaTeX info: "xparse/define-command"
. 
. Defining command \newAATfeature with sig. 'mmmm' on line 635.
.................................................
.................................................
. LaTeX info: "xparse/define-command"
. 
. Defining command \newopentypefeature with sig. 'mmm' on line 639.
.................................................
.................................................
. LaTeX info: "xparse/define-command"
. 
. Defining command \newICUfeature with sig. 'mmm' on line 643.
.................................................
.................................................
. LaTeX info: "xparse/define-command"
. 
. Defining command \aliasfontfeature with sig. 'mm' on line 647.
.................................................
.................................................
. LaTeX info: "xparse/define-command"
. 
. Defining command \aliasfontfeatureoption with sig. 'mmm' on line 651.
.................................................
.................................................
. LaTeX info: "xparse/define-command"
. 
. Defining command \newfontscript with sig. 'mm' on line 655.
.................................................
.................................................
. LaTeX info: "xparse/define-command"
. 
. Defining command \newfontlanguage with sig. 'mm' on line 659.
.................................................
.................................................
. LaTeX info: "xparse/define-command"
. 
. Defining command \DeclareFontExtensions with sig. 'm' on line 663.
.................................................
.................................................
. LaTeX info: "xparse/define-command"
. 
. Defining command \IfFontFeatureActiveTF with sig. 'mmm' on line 667.
.................................................
.................................................
. LaTeX info: "xparse/define-command"
. 
. Defining command \EncodingCommand with sig. 'mO{}m' on line 3655.
.................................................
.................................................
. LaTeX info: "xparse/define-command"
. 
. Defining command \EncodingAccent with sig. 'mm' on line 3661.
.................................................
.................................................
. LaTeX info: "xparse/define-command"
. 
. Defining command \EncodingSymbol with sig. 'mm' on line 3667.
.................................................
.................................................
. LaTeX info: "xparse/define-command"
. 
. Defining command \EncodingComposite with sig. 'mmm' on line 3673.
.................................................
.................................................
. LaTeX info: "xparse/define-command"
. 
. Defining command \EncodingCompositeCommand with sig. 'mmm' on line 3679.
.................................................
.................................................
. LaTeX info: "xparse/define-command"
. 
. Defining command \DeclareUnicodeEncoding with sig. 'mm' on line 3704.
.................................................
.................................................
. LaTeX info: "xparse/define-command"
. 
. Defining command \UndeclareSymbol with sig. 'm' on line 3710.
.................................................
.................................................
. LaTeX info: "xparse/define-command"
. 
. Defining command \UndeclareAccent with sig. 'm' on line 3716.
.................................................
.................................................
. LaTeX info: "xparse/define-command"
. 
. Defining command \UndeclareCommand with sig. 'm' on line 3722.
.................................................
.................................................
. LaTeX info: "xparse/define-command"
. 
. Defining command \UndeclareComposite with sig. 'mm' on line 3729.
.................................................

("C:\Users\elizabeth.gooch\AppData\Local\Programs\MiKTeX 2.9\tex\latex\fontspec
\fontspec.cfg")
LaTeX Info: Redefining \itshape on input line 3910.
LaTeX Info: Redefining \slshape on input line 3915.
LaTeX Info: Redefining \scshape on input line 3920.
LaTeX Info: Redefining \upshape on input line 3925.
LaTeX Info: Redefining \em on input line 3955.
LaTeX Info: Redefining \emph on input line 3980.
LaTeX Info: Redefining \- on input line 4034.
.................................................
. LaTeX info: "xparse/redefine-command"
. 
. Redefining command \oldstylenums with sig. 'm' on line 4129.
.................................................
.................................................
. LaTeX info: "xparse/define-command"
. 
. Defining command \liningnums with sig. 'm' on line 4133.
.................................................
))
\xpg@normalclass=\XeTeXcharclass1
)
("C:\Users\elizabeth.gooch\AppData\Local\Programs\MiKTeX 2.9\tex\latex\booktabs
\booktabs.sty"
Package: booktabs 2005/04/14 v1.61803 publication quality tables
\heavyrulewidth=\dimen150
\lightrulewidth=\dimen151
\cmidrulewidth=\dimen152
\belowrulesep=\dimen153
\belowbottomsep=\dimen154
\aboverulesep=\dimen155
\abovetopsep=\dimen156
\cmidrulesep=\dimen157
\cmidrulekern=\dimen158
\defaultaddspace=\dimen159
\@cmidla=\count199
\@cmidlb=\count266
\@aboverulesep=\dimen160
\@belowrulesep=\dimen161
\@thisruleclass=\count267
\@lastruleclass=\count268
\@thisrulewidth=\dimen162
)
("C:\Users\elizabeth.gooch\AppData\Local\Programs\MiKTeX 2.9\tex\latex\tools\lo
ngtable.sty"
Package: longtable 2014/10/28 v4.11 Multi-page Table package (DPC)
\LTleft=\skip52
\LTright=\skip53
\LTpre=\skip54
\LTpost=\skip55
\LTchunksize=\count269
\LTcapwidth=\dimen163
\LT@head=\box45
\LT@firsthead=\box46
\LT@foot=\box47
\LT@lastfoot=\box48
\LT@cols=\count270
\LT@rows=\count271
\c@LT@tables=\count272
\c@LT@chunks=\count273
\LT@p@ftn=\toks23
)
("C:\Users\elizabeth.gooch\AppData\Local\Programs\MiKTeX 2.9\tex\latex\tools\ar
ray.sty"
Package: array 2018/04/30 v2.4h Tabular extension package (FMi)
\col@sep=\dimen164
\ar@mcellbox=\box49
\extrarowheight=\dimen165
\NC@list=\toks24
\extratabsurround=\skip56
\backup@length=\skip57
\ar@cellbox=\box50
)
("C:\Users\elizabeth.gooch\AppData\Local\Programs\MiKTeX 2.9\tex\latex\multirow
\multirow.sty"
Package: multirow 2018/08/03 v2.3 Span multiple rows of a table
\multirow@colwidth=\skip58
\multirow@cntb=\count274
\multirow@dima=\skip59
\bigstrutjot=\dimen166
)
("C:\Users\elizabeth.gooch\AppData\Local\Programs\MiKTeX 2.9\tex\latex\wrapfig\
wrapfig.sty"
\wrapoverhang=\dimen167
\WF@size=\dimen168
\c@WF@wrappedlines=\count275
\WF@box=\box51
\WF@everypar=\toks25
Package: wrapfig 2003/01/31  v 3.6
)
("C:\Users\elizabeth.gooch\AppData\Local\Programs\MiKTeX 2.9\tex\latex\float\fl
oat.sty"
Package: float 2001/11/08 v1.3d Float enhancements (AL)
\c@float@type=\count276
\float@exts=\toks26
\float@box=\box52
\@float@everytoks=\toks27
\@floatcapt=\box53
)
("C:\Users\elizabeth.gooch\AppData\Local\Programs\MiKTeX 2.9\tex\latex\colortbl
\colortbl.sty"
Package: colortbl 2018/12/12 v1.0d Color table columns (DPC)

("C:\Users\elizabeth.gooch\AppData\Local\Programs\MiKTeX 2.9\tex\latex\graphics
\color.sty"
Package: color 2016/07/10 v1.1e Standard LaTeX Color (DPC)

("C:\Users\elizabeth.gooch\AppData\Local\Programs\MiKTeX 2.9\tex\latex\graphics
-cfg\color.cfg"
File: color.cfg 2016/01/02 v1.6 sample color configuration
)
Package color Info: Driver file: xetex.def on input line 147.

("C:\Users\elizabeth.gooch\AppData\Local\Programs\MiKTeX 2.9\tex\latex\graphics
-def\xetex.def"
File: xetex.def 2017/06/24 v5.0h Graphics/color driver for xetex
))
\everycr=\toks28
\minrowclearance=\skip60
)
("C:\Users\elizabeth.gooch\AppData\Local\Programs\MiKTeX 2.9\tex\latex\oberdiek
\pdflscape.sty"
Package: pdflscape 2016/05/14 v0.11 Display of landscape pages in PDF (HO)

("C:\Users\elizabeth.gooch\AppData\Local\Programs\MiKTeX 2.9\tex\latex\graphics
\lscape.sty"
Package: lscape 2000/10/22 v3.01 Landscape Pages (DPC)

("C:\Users\elizabeth.gooch\AppData\Local\Programs\MiKTeX 2.9\tex\latex\graphics
\graphics.sty"
Package: graphics 2017/06/25 v1.2c Standard LaTeX Graphics (DPC,SPQR)

("C:\Users\elizabeth.gooch\AppData\Local\Programs\MiKTeX 2.9\tex\latex\graphics
\trig.sty"
Package: trig 2016/01/03 v1.10 sin cos tan (DPC)
)
("C:\Users\elizabeth.gooch\AppData\Local\Programs\MiKTeX 2.9\tex\latex\graphics
-cfg\graphics.cfg"
File: graphics.cfg 2016/06/04 v1.11 sample graphics configuration
)
Package graphics Info: Driver file: xetex.def on input line 99.
))
Package pdflscape Info: Auto-detected driver: dvipdfm (xetex) on input line 99.


("C:\Users\elizabeth.gooch\AppData\Local\Programs\MiKTeX 2.9\tex\generic\oberdi
ek\atbegshi.sty"
Package: atbegshi 2016/06/09 v1.18 At begin shipout hook (HO)

("C:\Users\elizabeth.gooch\AppData\Local\Programs\MiKTeX 2.9\tex\generic\oberdi
ek\infwarerr.sty"
Package: infwarerr 2016/05/16 v1.4 Providing info/warning/error messages (HO)
)
("C:\Users\elizabeth.gooch\AppData\Local\Programs\MiKTeX 2.9\tex\generic\oberdi
ek\ltxcmds.sty"
Package: ltxcmds 2016/05/16 v1.23 LaTeX kernel commands for general use (HO)
)))
("C:\Users\elizabeth.gooch\AppData\Local\Programs\MiKTeX 2.9\tex\latex\tabu\tab
u.sty"
Package: tabu 2019/01/11 v2.9 - flexible LaTeX tabulars (FC+tabu-fixed)
\c@taburow=\count277
\tabu@nbcols=\count278
\tabu@cnt=\count279
\tabu@Xcol=\count280
\tabu@alloc=\count281
\tabu@nested=\count282
\tabu@target=\dimen169
\tabu@spreadtarget=\dimen170
\tabu@naturalX=\dimen171
\tabucolX=\dimen172
\tabu@Xsum=\dimen173
\extrarowdepth=\dimen174
\abovetabulinesep=\dimen175
\belowtabulinesep=\dimen176
\tabustrutrule=\dimen177
\tabu@thebody=\toks29
\tabu@footnotes=\toks30
\tabu@box=\box54
\tabu@arstrutbox=\box55
\tabu@hleads=\box56
\tabu@vleads=\box57
\tabu@cellskip=\skip61
)
("C:\Users\elizabeth.gooch\AppData\Local\Programs\MiKTeX 2.9\tex\latex\threepar
ttable\threeparttable.sty"
Package: threeparttable 2003/06/13  v 3.0
\@tempboxb=\box58
)
("C:\Users\elizabeth.gooch\AppData\Local\Programs\MiKTeX 2.9\tex\latex\threepar
ttablex\threeparttablex.sty"
Package: threeparttablex 2013/07/23 v0.3 by daleif

("C:\Users\elizabeth.gooch\AppData\Local\Programs\MiKTeX 2.9\tex\latex\environ\
environ.sty"
Package: environ 2014/05/04 v0.3 A new way to define environments

("C:\Users\elizabeth.gooch\AppData\Local\Programs\MiKTeX 2.9\tex\latex\trimspac
es\trimspaces.sty"
Package: trimspaces 2009/09/17 v1.1 Trim spaces around a token list
))
\TPTL@width=\skip62
)
("C:\Users\elizabeth.gooch\AppData\Local\Programs\MiKTeX 2.9\tex\latex\ulem\ule
m.sty"
\UL@box=\box59
\UL@hyphenbox=\box60
\UL@skip=\skip63
\UL@hook=\toks31
\UL@height=\dimen178
\UL@pe=\count283
\UL@pixel=\dimen179
\ULC@box=\box61
Package: ulem 2012/05/18
\ULdepth=\dimen180
)
("C:\Users\elizabeth.gooch\AppData\Local\Programs\MiKTeX 2.9\tex\latex\base\inp
utenc.sty"
Package: inputenc 2018/04/06 v1.3b Input encoding file
\inpenc@prehook=\toks32
\inpenc@posthook=\toks33

Package inputenc Warning: inputenc package ignored with utf8 based engines.

)
("C:\Users\elizabeth.gooch\AppData\Local\Programs\MiKTeX 2.9\tex\latex\makecell
\makecell.sty"
Package: makecell 2009/08/03 V0.1e Managing of Tab Column Heads and Cells
\rotheadsize=\dimen181
\c@nlinenum=\count284
\TeXr@lab=\toks34
)
("C:\Users\elizabeth.gooch\AppData\Local\Programs\MiKTeX 2.9\tex\latex\xcolor\x
color.sty"
Package: xcolor 2016/05/11 v2.12 LaTeX color extensions (UK)

("C:\Users\elizabeth.gooch\AppData\Local\Programs\MiKTeX 2.9\tex\latex\graphics
-cfg\color.cfg"
File: color.cfg 2016/01/02 v1.6 sample color configuration
)
Package xcolor Info: Driver file: xetex.def on input line 225.
LaTeX Info: Redefining \color on input line 709.
Package xcolor Info: Model `cmy' substituted by `cmy0' on input line 1348.
Package xcolor Info: Model `RGB' extended on input line 1364.
Package xcolor Info: Model `HTML' substituted by `rgb' on input line 1366.
Package xcolor Info: Model `Hsb' substituted by `hsb' on input line 1367.
Package xcolor Info: Model `tHsb' substituted by `hsb' on input line 1368.
Package xcolor Info: Model `HSB' substituted by `hsb' on input line 1369.
Package xcolor Info: Model `Gray' substituted by `gray' on input line 1370.
Package xcolor Info: Model `wave' substituted by `hsb' on input line 1371.
)
("C:\Users\elizabeth.gooch\AppData\Local\Programs\MiKTeX 2.9\tex\latex\graphics
\graphicx.sty"
Package: graphicx 2017/06/01 v1.1a Enhanced LaTeX Graphics (DPC,SPQR)
\Gin@req@height=\dimen182
\Gin@req@width=\dimen183
)
("C:\Users\elizabeth.gooch\AppData\Local\Programs\MiKTeX 2.9\tex\latex\xltxtra\
xltxtra.sty"
Package: xltxtra 2016/01/21 v0.6 Improvements for the "XeLaTeX" format

("C:\Users\elizabeth.gooch\AppData\Local\Programs\MiKTeX 2.9\tex\latex\realscri
pts\realscripts.sty"
Package: realscripts 2016/02/13 v0.3d Access OpenType subscripts and superscrip
ts
.................................................
. LaTeX info: "xparse/define-command"
. 
. Defining command \fakesubscript with sig. 'm' on line 19.
.................................................
.................................................
. LaTeX info: "xparse/define-command"
. 
. Defining command \fakesuperscript with sig. 'm' on line 22.
.................................................
.................................................
. LaTeX info: "xparse/redefine-command"
. 
. Redefining command \textsubscript with sig. 's' on line 25.
.................................................
.................................................
. LaTeX info: "xparse/redefine-command"
. 
. Redefining command \textsuperscript with sig. 's' on line 28.
.................................................
.................................................
. LaTeX info: "xparse/define-command"
. 
. Defining command \realsubscript with sig. 'm' on line 45.
.................................................
.................................................
. LaTeX info: "xparse/define-command"
. 
. Defining command \realsuperscript with sig. 'm' on line 60.
.................................................
.................................................
. LaTeX info: "xparse/define-command"
. 
. Defining command \textsubsuperscript with sig. 'sO{l}mm' on line 138.
.................................................
.................................................
. LaTeX info: "xparse/define-command"
. 
. Defining command \textsupersubscript with sig. 'sO{l}mm' on line 143.
.................................................
\subsupersep=\dimen184
)
("C:\Users\elizabeth.gooch\AppData\Local\Programs\MiKTeX 2.9\tex\latex\metalogo
\metalogo.sty"
Package: metalogo 2010/05/29 v0.12 Extended TeX logo macros
\xl@everylogo=\toks35
\xl@@everylogo=\toks36
LaTeX Info: Redefining \TeX on input line 193.
LaTeX Info: Redefining \LaTeX on input line 202.
LaTeX Info: Redefining \LaTeXe on input line 219.
)
\l__xetex_show_hyphens_wrapping_box=\box62
\l__xetex_show_hyphens_temp_box=\box63
\l__xetex_show_hyphens_final_box=\box64
\g__xetex_show_hyphens_word_box=\box65
)
("C:\Users\elizabeth.gooch\AppData\Local\Programs\MiKTeX 2.9\tex\xelatex\xunico
de\xunicode.sty"
File: xunicode.sty 2011/09/09 v0.981 provides access to latin accents and many 
other characters in Unicode lower plane
*** you should *not* be loading the inputenc package
*** XeTeX expects the source to be in UTF8 encoding
*** some features of other encodings may conflict, resulting in poor output.

("C:\Users\elizabeth.gooch\AppData\Local\Programs\MiKTeX 2.9\tex\latex\tipa\t3e
nc.def"
File: t3enc.def 2001/12/31 T3 encoding
)
\tipaTiiicode=\count285
\tipasavetokens=\toks37
\tipachecktokens=\toks38
)
No file padjust_kable.aux.
\openout1 = `padjust_kable.aux'.

LaTeX Font Info:    Checking defaults for OML/cmm/m/it on input line 26.
LaTeX Font Info:    ... okay on input line 26.
LaTeX Font Info:    Checking defaults for T1/cmr/m/n on input line 26.
LaTeX Font Info:    ... okay on input line 26.
LaTeX Font Info:    Checking defaults for OT1/cmr/m/n on input line 26.
LaTeX Font Info:    ... okay on input line 26.
LaTeX Font Info:    Checking defaults for OMS/cmsy/m/n on input line 26.
LaTeX Font Info:    ... okay on input line 26.
LaTeX Font Info:    Checking defaults for TU/lmr/m/n on input line 26.
LaTeX Font Info:    ... okay on input line 26.
LaTeX Font Info:    Checking defaults for OMX/cmex/m/n on input line 26.
LaTeX Font Info:    ... okay on input line 26.
LaTeX Font Info:    Checking defaults for U/cmr/m/n on input line 26.
LaTeX Font Info:    ... okay on input line 26.
LaTeX Font Info:    Checking defaults for T3/cmr/m/n on input line 26.
LaTeX Font Info:    Try loading font information for T3+cmr on input line 26.

("C:\Users\elizabeth.gooch\AppData\Local\Programs\MiKTeX 2.9\tex\latex\tipa\t3c
mr.fd"
File: t3cmr.fd 2001/12/31 TIPA font definitions
)
LaTeX Font Info:    ... okay on input line 26.
Preview: Fontsize 10pt
Preview: PDFoutput 1
.................................................
. fontspec info: "setup-math"
. 
. Adjusting the maths setup (use [no-math] to avoid this).
.................................................
\symlegacymaths=\mathgroup6
LaTeX Font Info:    Overwriting symbol font `legacymaths' in version `bold'
(Font)                  OT1/cmr/m/n --> OT1/cmr/bx/n on input line 26.
LaTeX Font Info:    Redeclaring math accent \acute on input line 26.
LaTeX Font Info:    Redeclaring math accent \grave on input line 26.
LaTeX Font Info:    Redeclaring math accent \ddot on input line 26.
LaTeX Font Info:    Redeclaring math accent \tilde on input line 26.
LaTeX Font Info:    Redeclaring math accent \bar on input line 26.
LaTeX Font Info:    Redeclaring math accent \breve on input line 26.
LaTeX Font Info:    Redeclaring math accent \check on input line 26.
LaTeX Font Info:    Redeclaring math accent \hat on input line 26.
LaTeX Font Info:    Redeclaring math accent \dot on input line 26.
LaTeX Font Info:    Redeclaring math accent \mathring on input line 26.
LaTeX Font Info:    Redeclaring math symbol \Gamma on input line 26.
LaTeX Font Info:    Redeclaring math symbol \Delta on input line 26.
LaTeX Font Info:    Redeclaring math symbol \Theta on input line 26.
LaTeX Font Info:    Redeclaring math symbol \Lambda on input line 26.
LaTeX Font Info:    Redeclaring math symbol \Xi on input line 26.
LaTeX Font Info:    Redeclaring math symbol \Pi on input line 26.
LaTeX Font Info:    Redeclaring math symbol \Sigma on input line 26.
LaTeX Font Info:    Redeclaring math symbol \Upsilon on input line 26.
LaTeX Font Info:    Redeclaring math symbol \Phi on input line 26.
LaTeX Font Info:    Redeclaring math symbol \Psi on input line 26.
LaTeX Font Info:    Redeclaring math symbol \Omega on input line 26.
LaTeX Font Info:    Redeclaring math symbol \mathdollar on input line 26.
LaTeX Font Info:    Redeclaring symbol font `operators' on input line 26.
LaTeX Font Info:    Encoding `OT1' has changed to `TU' for symbol font
(Font)              `operators' in the math version `normal' on input line 26.
LaTeX Font Info:    Overwriting symbol font `operators' in version `normal'
(Font)                  OT1/cmr/m/n --> TU/lmr/m/n on input line 26.
LaTeX Font Info:    Encoding `OT1' has changed to `TU' for symbol font
(Font)              `operators' in the math version `bold' on input line 26.
LaTeX Font Info:    Overwriting symbol font `operators' in version `bold'
(Font)                  OT1/cmr/bx/n --> TU/lmr/m/n on input line 26.
LaTeX Font Info:    Overwriting symbol font `operators' in version `normal'
(Font)                  TU/lmr/m/n --> TU/lmr/m/n on input line 26.
LaTeX Font Info:    Overwriting math alphabet `\mathit' in version `normal'
(Font)                  OT1/cmr/m/it --> TU/lmr/m/it on input line 26.
LaTeX Font Info:    Overwriting math alphabet `\mathbf' in version `normal'
(Font)                  OT1/cmr/bx/n --> TU/lmr/bx/n on input line 26.
LaTeX Font Info:    Overwriting math alphabet `\mathsf' in version `normal'
(Font)                  OT1/cmss/m/n --> TU/lmss/m/n on input line 26.
LaTeX Font Info:    Overwriting math alphabet `\mathtt' in version `normal'
(Font)                  OT1/cmtt/m/n --> TU/lmtt/m/n on input line 26.
LaTeX Font Info:    Overwriting symbol font `operators' in version `bold'
(Font)                  TU/lmr/m/n --> TU/lmr/bx/n on input line 26.
LaTeX Font Info:    Overwriting math alphabet `\mathit' in version `bold'
(Font)                  OT1/cmr/bx/it --> TU/lmr/bx/it on input line 26.
LaTeX Font Info:    Overwriting math alphabet `\mathsf' in version `bold'
(Font)                  OT1/cmss/bx/n --> TU/lmss/bx/n on input line 26.
LaTeX Font Info:    Overwriting math alphabet `\mathtt' in version `bold'
(Font)                  OT1/cmtt/m/n --> TU/lmtt/bx/n on input line 26.
\AtBeginShipoutBox=\box66
*** you should *not* be loading the inputenc package
*** XeTeX expects the source to be in UTF8 encoding
*** some features of other encodings may conflict, resulting in poor output.
LaTeX Font Info:    Try loading font information for U+msa on input line 29.

("C:\Users\elizabeth.gooch\AppData\Local\Programs\MiKTeX 2.9\tex\latex\amsfonts
\umsa.fd"
File: umsa.fd 2013/01/14 v3.01 AMS symbols A
)
LaTeX Font Info:    Try loading font information for U+msb on input line 29.

("C:\Users\elizabeth.gooch\AppData\Local\Programs\MiKTeX 2.9\tex\latex\amsfonts
\umsb.fd"
File: umsb.fd 2013/01/14 v3.01 AMS symbols B
)
Overfull \hbox (6.89001pt too wide) in paragraph at lines 29--53
 [] 
 []

Preview: Tightpage -186467 -186467 186467 186467
[1] (padjust_kable.aux) ) 
Here is how much of TeX's memory you used:
 19051 strings out of 427798
 355381 string characters out of 3145938
 432653 words of memory out of 3000000
 22907 multiletter control sequences out of 15000+200000
 534199 words of font info for 40 fonts, out of 3000000 for 9000
 1328 hyphenation exceptions out of 8191
 45i,8n,56p,876b,443s stack positions out of 5000i,500n,10000p,200000b,50000s

Output written on padjust_kable.pdf (1 page).
